2023-01-07T14:41:55+00:00 CRITICAL require_once(): Failed opening required '/home4/jwblogge/public_html/wp-content/plugins/astra-sites/inc/classes/compatibility/elementor/class-astra-sites-compatibility-elementor.php' (include_path='.:/opt/cpanel/ea-php74/root/usr/share/pear') in /home4/jwblogge/public_html/wp-content/plugins/astra-sites/inc/classes/compatibility/class-astra-sites-compatibility.php on line 57

2023-01-07T14:41:56+00:00 CRITICAL require_once(): Failed opening required '/home4/jwblogge/public_html/wp-content/themes/astra/inc/core/class-astra-admin-helper.php' (include_path='.:/opt/cpanel/ea-php74/root/usr/share/pear') in /home4/jwblogge/public_html/wp-content/themes/astra/functions.php on line 101

2023-01-07T14:41:56+00:00 CRITICAL Uncaught Error: Class 'WPForms\Lite\Integrations\LiteConnect\LiteConnect' not found in /home4/jwblogge/public_html/wp-content/plugins/wpforms-lite/src/Lite/Admin/Education/LiteConnect.php:36
Stack trace:
#0 /home4/jwblogge/public_html/wp-content/plugins/wpforms-lite/src/Lite/Admin/Education/LiteConnect.php(62): WPForms\Lite\Admin\Education\LiteConnect->allow_load()
#1 /home4/jwblogge/public_html/wp-content/plugins/wpforms-lite/src/WPForms.php(304): WPForms\Lite\Admin\Education\LiteConnect->init()
#2 /home4/jwblogge/public_html/wp-includes/class-wp-hook.php(308): WPForms\WPForms->WPForms\{closure}('')
#3 /home4/jwblogge/public_html/wp-includes/class-wp-hook.php(332): WP_Hook->apply_filters(NULL, Array)
#4 /home4/jwblogge/public_html/wp-includes/plugin.php(517): WP_Hook->do_action(Array)
#5 /home4/jwblogge/public_html/wp-content/plugins/wpforms-lite/src/WPForms.php(261): do_action('wpforms_loaded')
#6 /home4/jwblogge/public_html/wp-includes/class-wp-hook.php(308): WPForms\WPForms->objects('')
#7 /home4/jwblogge in /home4/jwblogge/public_html/wp-content/plugins/wpforms-lite/src/Lite/Admin/Education/LiteConnect.php on line 36

2023-01-07T14:41:56+00:00 CRITICAL require(): Failed opening required '/home4/jwblogge/public_html/wp-content/plugins/woocommerce/src/Admin/Schedulers/SchedulerTraits.php' (include_path='.:/opt/cpanel/ea-php74/root/usr/share/pear') in /home4/jwblogge/public_html/wp-content/plugins/woocommerce/vendor/jetpack-autoloader/class-php-autoloader.php on line 87

2023-01-07T14:42:18+00:00 CRITICAL require_once(): Failed opening required '/home4/jwblogge/public_html/wp-content/themes/astra/inc/dynamic-css/inline-on-mobile.php' (include_path='.:/opt/cpanel/ea-php74/root/usr/share/pear') in /home4/jwblogge/public_html/wp-content/themes/astra/functions.php on line 63

2023-01-07T14:42:25+00:00 CRITICAL require(): Failed opening required '/home4/jwblogge/public_html/wp-content/plugins/woocommerce/packages/woocommerce-blocks/src/BlockTypes/CartAcceptedPaymentMethodsBlock.php' (include_path='.:/opt/cpanel/ea-php74/root/usr/share/pear') in /home4/jwblogge/public_html/wp-content/plugins/woocommerce/vendor/jetpack-autoloader/class-php-autoloader.php on line 87

2023-01-07T14:42:25+00:00 CRITICAL require_once(): Failed opening required '/home4/jwblogge/public_html/wp-content/themes/astra/inc/builder/type/class-astra-builder-base-dynamic-css.php' (include_path='.:/opt/cpanel/ea-php74/root/usr/share/pear') in /home4/jwblogge/public_html/wp-content/themes/astra/inc/customizer/class-astra-builder-customizer.php on line 229

2023-01-07T14:42:25+00:00 CRITICAL require(): Failed opening required '/home4/jwblogge/public_html/wp-content/plugins/woocommerce/packages/woocommerce-blocks/src/BlockTypes/CartAcceptedPaymentMethodsBlock.php' (include_path='.:/opt/cpanel/ea-php74/root/usr/share/pear') in /home4/jwblogge/public_html/wp-content/plugins/woocommerce/vendor/jetpack-autoloader/class-php-autoloader.php on line 87

2023-01-07T14:42:25+00:00 CRITICAL require(): Failed opening required '/home4/jwblogge/public_html/wp-content/plugins/woocommerce/packages/woocommerce-blocks/src/BlockTypes/CartAcceptedPaymentMethodsBlock.php' (include_path='.:/opt/cpanel/ea-php74/root/usr/share/pear') in /home4/jwblogge/public_html/wp-content/plugins/woocommerce/vendor/jetpack-autoloader/class-php-autoloader.php on line 87

2023-01-07T14:42:26+00:00 CRITICAL require(): Failed opening required '/home4/jwblogge/public_html/wp-content/plugins/woocommerce/packages/woocommerce-blocks/src/BlockTypes/CartAcceptedPaymentMethodsBlock.php' (include_path='.:/opt/cpanel/ea-php74/root/usr/share/pear') in /home4/jwblogge/public_html/wp-content/plugins/woocommerce/vendor/jetpack-autoloader/class-php-autoloader.php on line 87

2023-01-07T14:42:48+00:00 CRITICAL require_once(): Failed opening required '/home4/jwblogge/public_html/wp-content/themes/astra/inc/template-parts.php' (include_path='.:/opt/cpanel/ea-php74/root/usr/share/pear') in /home4/jwblogge/public_html/wp-content/themes/astra/functions.php on line 91

2023-01-07T14:42:48+00:00 CRITICAL Uncaught TypeError: Argument 1 passed to WPSEO_Options::register_option() must be an instance of WPSEO_Option, null given, called in /home4/jwblogge/public_html/wp-content/plugins/wordpress-seo/inc/options/class-wpseo-options.php on line 63 and defined in /home4/jwblogge/public_html/wp-content/plugins/wordpress-seo/inc/options/class-wpseo-options.php:95
Stack trace:
#0 /home4/jwblogge/public_html/wp-content/plugins/wordpress-seo/inc/options/class-wpseo-options.php(63): WPSEO_Options::register_option(NULL)
#1 /home4/jwblogge/public_html/wp-content/plugins/wordpress-seo/inc/options/class-wpseo-options.php(84): WPSEO_Options->__construct()
#2 /home4/jwblogge/public_html/wp-content/plugins/wordpress-seo/wp-seo-main.php(323): WPSEO_Options::get_instance()
#3 /home4/jwblogge/public_html/wp-includes/class-wp-hook.php(308): wpseo_init('')
#4 /home4/jwblogge/public_html/wp-includes/class-wp-hook.php(332): WP_Hook->apply_filters(NULL, Array)
#5 /home4/jwblogge/public_html/wp-includes/plugin.php(517): WP_Hook->do_action in /home4/jwblogge/public_html/wp-content/plugins/wordpress-seo/inc/options/class-wpseo-options.php on line 95

2023-01-07T14:42:48+00:00 CRITICAL require_once(): Failed opening required '/home4/jwblogge/public_html/wp-content/themes/astra/inc/core/common-functions.php' (include_path='.:/opt/cpanel/ea-php74/root/usr/share/pear') in /home4/jwblogge/public_html/wp-content/themes/astra/functions.php on line 35

2023-01-07T14:42:48+00:00 CRITICAL require_once(): Failed opening required '/home4/jwblogge/public_html/wp-content/themes/astra/inc/template-parts.php' (include_path='.:/opt/cpanel/ea-php74/root/usr/share/pear') in /home4/jwblogge/public_html/wp-content/themes/astra/functions.php on line 91

2023-01-07T14:42:48+00:00 CRITICAL require_once(): Failed opening required '/home4/jwblogge/public_html/wp-admin/includes/class-wp-site-health.php' (include_path='.:/opt/cpanel/ea-php74/root/usr/share/pear') in /home4/jwblogge/public_html/wp-settings.php on line 599

2023-01-07T14:42:48+00:00 CRITICAL require_once(): Failed opening required '/home4/jwblogge/public_html/wp-content/themes/astra/inc/compatibility/class-astra-amp.php' (include_path='.:/opt/cpanel/ea-php74/root/usr/share/pear') in /home4/jwblogge/public_html/wp-content/themes/astra/functions.php on line 148

2023-01-07T14:42:48+00:00 CRITICAL require_once(): Failed opening required '/home4/jwblogge/public_html/wp-content/themes/astra/inc/template-parts.php' (include_path='.:/opt/cpanel/ea-php74/root/usr/share/pear') in /home4/jwblogge/public_html/wp-content/themes/astra/functions.php on line 91

2023-01-07T14:42:48+00:00 CRITICAL require_once(): Failed opening required '/home4/jwblogge/public_html/wp-content/themes/astra/inc/core/class-gutenberg-editor-css.php' (include_path='.:/opt/cpanel/ea-php74/root/usr/share/pear') in /home4/jwblogge/public_html/wp-content/themes/astra/functions.php on line 60

